2014/03/17 17:38:46 INFO  - jmeter.util.JMeterUtils: Setting Locale to es_CO 
2014/03/17 17:38:46 INFO  - jmeter.util.JMeterUtils: Could not find resources for 'es_CO', using 'es' 
2014/03/17 17:38:46 INFO  - jmeter.JMeter: Loading user properties from: C:\Users\asistente\Desktop\apache-jmeter-2.11\bin\user.properties 
2014/03/17 17:38:46 INFO  - jmeter.JMeter: Loading system properties from: C:\Users\asistente\Desktop\apache-jmeter-2.11\bin\system.properties 
2014/03/17 17:38:46 INFO  - jmeter.JMeter: Copyright (c) 1998-2014 The Apache Software Foundation 
2014/03/17 17:38:46 INFO  - jmeter.JMeter: Version 2.11 r1554548 
2014/03/17 17:38:46 INFO  - jmeter.JMeter: java.version=1.7.0_51 
2014/03/17 17:38:46 INFO  - jmeter.JMeter: java.vm.name=Java HotSpot(TM) Client VM 
2014/03/17 17:38:46 INFO  - jmeter.JMeter: os.name=Windows 7 
2014/03/17 17:38:46 INFO  - jmeter.JMeter: os.arch=x86 
2014/03/17 17:38:46 INFO  - jmeter.JMeter: os.version=6.1 
2014/03/17 17:38:46 INFO  - jmeter.JMeter: file.encoding=Cp1252 
2014/03/17 17:38:46 INFO  - jmeter.JMeter: Default Locale=español (Colombia) 
2014/03/17 17:38:46 INFO  - jmeter.JMeter: JMeter  Locale=español (Colombia) 
2014/03/17 17:38:46 INFO  - jmeter.JMeter: JMeterHome=C:\Users\asistente\Desktop\apache-jmeter-2.11 
2014/03/17 17:38:46 INFO  - jmeter.JMeter: user.dir  =D:\Pruebas\sport.service.subsystem.web 
2014/03/17 17:38:46 INFO  - jmeter.JMeter: PWD       =D:\Pruebas\sport.service.subsystem.web 
2014/03/17 17:38:46 INFO  - jmeter.JMeter: IP: 157.253.204.70 Name: asistente-PC FullName: 157.253.204.70 
2014/03/17 17:38:46 INFO  - jmeter.services.FileServer: Default base='D:\Pruebas\sport.service.subsystem.web' 
2014/03/17 17:38:46 INFO  - jmeter.services.FileServer: Set new base='D:\Pruebas\sport.service.subsystem.web\src\test\resources' 
2014/03/17 17:38:46 INFO  - jmeter.JMeter: Loading file: D:\Pruebas\sport.service.subsystem.web\src\test\resources\SportLoadTest.jmx 
2014/03/17 17:38:47 INFO  - jmeter.save.SaveService: Testplan (JMX) version: 2.2. Testlog (JTL) version: 2.2 
2014/03/17 17:38:47 INFO  - jmeter.save.SaveService: Using SaveService properties file encoding UTF-8 
2014/03/17 17:38:47 INFO  - jmeter.save.SaveService: Using SaveService properties version 2.6 
2014/03/17 17:38:47 INFO  - jmeter.save.SaveService: Using SaveService properties file version 1554411 
2014/03/17 17:38:47 INFO  - jmeter.save.SaveService: All converter versions present and correct 
2014/03/17 17:38:47 INFO  - jmeter.protocol.http.sampler.HTTPSamplerBase: Cannot find .className property for htmlParser, using default 
2014/03/17 17:38:47 INFO  - jmeter.protocol.http.sampler.HTTPSamplerBase: Parser for text/html is  
2014/03/17 17:38:47 INFO  - jmeter.protocol.http.sampler.HTTPSamplerBase: Parser for application/xhtml+xml is  
2014/03/17 17:38:47 INFO  - jmeter.protocol.http.sampler.HTTPSamplerBase: Parser for application/xml is  
2014/03/17 17:38:47 INFO  - jmeter.protocol.http.sampler.HTTPSamplerBase: Parser for text/xml is  
2014/03/17 17:38:47 INFO  - jmeter.protocol.http.sampler.HTTPSamplerBase: Parser for text/vnd.wap.wml is org.apache.jmeter.protocol.http.parser.RegexpHTMLParser 
2014/03/17 17:38:47 INFO  - jmeter.JMeter: Creating summariser <summary> 
2014/03/17 17:38:47 INFO  - jmeter.engine.StandardJMeterEngine: Listeners will be started after enabling running version 
2014/03/17 17:38:47 INFO  - jmeter.engine.StandardJMeterEngine: To revert to the earlier behaviour, define jmeterengine.startlistenerslater=false 
2014/03/17 17:38:47 INFO  - jmeter.engine.StandardJMeterEngine: Running the test! 
2014/03/17 17:38:47 INFO  - jmeter.samplers.SampleEvent: List of sample_variables: [] 
2014/03/17 17:38:47 INFO  - jmeter.samplers.SampleEvent: List of sample_variables: [] 
2014/03/17 17:38:47 INFO  - jmeter.engine.util.CompoundVariable: Note: Function class names must contain the string: '.functions.' 
2014/03/17 17:38:47 INFO  - jmeter.engine.util.CompoundVariable: Note: Function class names must not contain the string: '.gui.' 
2014/03/17 17:38:47 INFO  - jmeter.JMeter: Test lanzado (1395095927315) 
2014/03/17 17:38:47 INFO  - jmeter.engine.StandardJMeterEngine: Starting ThreadGroup: 1 : createSport 
2014/03/17 17:38:47 INFO  - jmeter.engine.StandardJMeterEngine: Starting 100 threads for group createSport. 
2014/03/17 17:38:47 INFO  - jmeter.engine.StandardJMeterEngine: Thread will continue on error 
2014/03/17 17:38:47 INFO  - jmeter.threads.ThreadGroup: Starting thread group number 1 threads 100 ramp-up 1 perThread 10.0 delayedStart=false 
2014/03/17 17:38:47 INFO  - jmeter.threads.JMeterThread: jmeterthread.startearlier=true (see jmeter.properties) 
2014/03/17 17:38:47 INFO  - jmeter.threads.JMeterThread: Running PostProcessors in forward order 
2014/03/17 17:38:47 INFO  - jmeter.threads.JMeterThread: Thread started: createSport 1-1 
2014/03/17 17:38:47 INFO  - jmeter.threads.JMeterThread: Thread started: createSport 1-2 
2014/03/17 17:38:47 INFO  - jmeter.protocol.http.sampler.HTTPJavaImpl: Maximum connection retries = 10 
2014/03/17 17:38:47 INFO  - jmeter.samplers.SampleResult: Note: Sample TimeStamps are START times 
2014/03/17 17:38:47 INFO  - jmeter.samplers.SampleResult: sampleresult.default.encoding is set to ISO-8859-1 
2014/03/17 17:38:47 INFO  - jmeter.samplers.SampleResult: sampleresult.useNanoTime=true 
2014/03/17 17:38:47 INFO  - jmeter.samplers.SampleResult: sampleresult.nanoThreadSleep=5000 
2014/03/17 17:38:47 INFO  - jmeter.threads.JMeterThread: Thread started: createSport 1-4 
2014/03/17 17:38:47 INFO  - jmeter.threads.JMeterThread: Thread started: createSport 1-3 
2014/03/17 17:38:47 INFO  - jmeter.threads.JMeterThread: Thread started: createSport 1-6 
2014/03/17 17:38:47 INFO  - jmeter.threads.JMeterThread: Thread started: createSport 1-5 
2014/03/17 17:38:47 INFO  - jmeter.threads.JMeterThread: Thread finished: createSport 1-4 
2014/03/17 17:38:47 INFO  - jmeter.threads.JMeterThread: Thread finished: createSport 1-6 
2014/03/17 17:38:47 INFO  - jmeter.threads.JMeterThread: Thread finished: createSport 1-5 
2014/03/17 17:38:47 INFO  - jmeter.threads.JMeterThread: Thread finished: createSport 1-2 
2014/03/17 17:38:47 INFO  - jmeter.threads.JMeterThread: Thread finished: createSport 1-3 
2014/03/17 17:38:47 INFO  - jmeter.threads.JMeterThread: Thread finished: createSport 1-1 
2014/03/17 17:38:47 INFO  - jmeter.threads.JMeterThread: Thread started: createSport 1-7 
2014/03/17 17:38:47 INFO  - jmeter.threads.JMeterThread: Thread finished: createSport 1-7 
2014/03/17 17:38:47 INFO  - jmeter.threads.JMeterThread: Thread started: createSport 1-8 
2014/03/17 17:38:47 INFO  - jmeter.threads.JMeterThread: Thread started: createSport 1-10 
2014/03/17 17:38:47 INFO  - jmeter.threads.JMeterThread: Thread started: createSport 1-9 
2014/03/17 17:38:47 INFO  - jmeter.threads.JMeterThread: Thread finished: createSport 1-10 
2014/03/17 17:38:47 INFO  - jmeter.threads.JMeterThread: Thread finished: createSport 1-8 
2014/03/17 17:38:47 INFO  - jmeter.threads.JMeterThread: Thread started: createSport 1-11 
2014/03/17 17:38:47 INFO  - jmeter.threads.JMeterThread: Thread finished: createSport 1-9 
2014/03/17 17:38:47 INFO  - jmeter.threads.JMeterThread: Thread finished: createSport 1-11 
2014/03/17 17:38:47 INFO  - jmeter.threads.JMeterThread: Thread started: createSport 1-12 
2014/03/17 17:38:47 INFO  - jmeter.threads.JMeterThread: Thread finished: createSport 1-12 
2014/03/17 17:38:47 INFO  - jmeter.threads.JMeterThread: Thread started: createSport 1-13 
2014/03/17 17:38:47 INFO  - jmeter.threads.ThreadGroup: Started thread group number 1 
2014/03/17 17:38:47 INFO  - jmeter.engine.StandardJMeterEngine: Waiting for thread group: createSport to finish before starting next group 
2014/03/17 17:38:47 INFO  - jmeter.threads.JMeterThread: Thread finished: createSport 1-13 
2014/03/17 17:38:47 INFO  - jmeter.threads.JMeterThread: Thread started: createSport 1-14 
2014/03/17 17:38:47 INFO  - jmeter.threads.JMeterThread: Thread finished: createSport 1-14 
2014/03/17 17:38:47 INFO  - jmeter.threads.JMeterThread: Thread started: createSport 1-15 
2014/03/17 17:38:47 INFO  - jmeter.threads.JMeterThread: Thread finished: createSport 1-15 
2014/03/17 17:38:47 INFO  - jmeter.threads.JMeterThread: Thread started: createSport 1-16 
2014/03/17 17:38:47 INFO  - jmeter.threads.JMeterThread: Thread finished: createSport 1-16 
2014/03/17 17:38:47 INFO  - jmeter.threads.JMeterThread: Thread started: createSport 1-17 
2014/03/17 17:38:47 INFO  - jmeter.threads.JMeterThread: Thread finished: createSport 1-17 
2014/03/17 17:38:47 INFO  - jmeter.threads.JMeterThread: Thread started: createSport 1-18 
2014/03/17 17:38:47 INFO  - jmeter.threads.JMeterThread: Thread finished: createSport 1-18 
2014/03/17 17:38:47 INFO  - jmeter.threads.JMeterThread: Thread started: createSport 1-19 
2014/03/17 17:38:47 INFO  - jmeter.threads.JMeterThread: Thread finished: createSport 1-19 
2014/03/17 17:38:47 INFO  - jmeter.threads.JMeterThread: Thread started: createSport 1-20 
2014/03/17 17:38:47 INFO  - jmeter.threads.JMeterThread: Thread finished: createSport 1-20 
2014/03/17 17:38:47 INFO  - jmeter.threads.JMeterThread: Thread started: createSport 1-21 
2014/03/17 17:38:47 INFO  - jmeter.threads.JMeterThread: Thread finished: createSport 1-21 
2014/03/17 17:38:47 INFO  - jmeter.threads.JMeterThread: Thread started: createSport 1-22 
2014/03/17 17:38:47 INFO  - jmeter.threads.JMeterThread: Thread finished: createSport 1-22 
2014/03/17 17:38:47 INFO  - jmeter.threads.JMeterThread: Thread started: createSport 1-23 
2014/03/17 17:38:47 INFO  - jmeter.threads.JMeterThread: Thread finished: createSport 1-23 
2014/03/17 17:38:47 INFO  - jmeter.threads.JMeterThread: Thread started: createSport 1-24 
2014/03/17 17:38:47 INFO  - jmeter.threads.JMeterThread: Thread finished: createSport 1-24 
2014/03/17 17:38:47 INFO  - jmeter.threads.JMeterThread: Thread started: createSport 1-25 
2014/03/17 17:38:47 INFO  - jmeter.threads.JMeterThread: Thread finished: createSport 1-25 
2014/03/17 17:38:47 INFO  - jmeter.threads.JMeterThread: Thread started: createSport 1-26 
2014/03/17 17:38:47 INFO  - jmeter.threads.JMeterThread: Thread finished: createSport 1-26 
2014/03/17 17:38:47 INFO  - jmeter.threads.JMeterThread: Thread started: createSport 1-27 
2014/03/17 17:38:47 INFO  - jmeter.threads.JMeterThread: Thread finished: createSport 1-27 
2014/03/17 17:38:47 INFO  - jmeter.threads.JMeterThread: Thread started: createSport 1-28 
2014/03/17 17:38:47 INFO  - jmeter.threads.JMeterThread: Thread finished: createSport 1-28 
2014/03/17 17:38:47 INFO  - jmeter.threads.JMeterThread: Thread started: createSport 1-29 
2014/03/17 17:38:47 INFO  - jmeter.threads.JMeterThread: Thread finished: createSport 1-29 
2014/03/17 17:38:47 INFO  - jmeter.threads.JMeterThread: Thread started: createSport 1-30 
2014/03/17 17:38:47 INFO  - jmeter.threads.JMeterThread: Thread finished: createSport 1-30 
2014/03/17 17:38:47 INFO  - jmeter.threads.JMeterThread: Thread started: createSport 1-31 
2014/03/17 17:38:47 INFO  - jmeter.threads.JMeterThread: Thread finished: createSport 1-31 
2014/03/17 17:38:47 INFO  - jmeter.threads.JMeterThread: Thread started: createSport 1-32 
2014/03/17 17:38:47 INFO  - jmeter.threads.JMeterThread: Thread finished: createSport 1-32 
2014/03/17 17:38:47 INFO  - jmeter.threads.JMeterThread: Thread started: createSport 1-33 
2014/03/17 17:38:47 INFO  - jmeter.threads.JMeterThread: Thread finished: createSport 1-33 
2014/03/17 17:38:47 INFO  - jmeter.threads.JMeterThread: Thread started: createSport 1-34 
2014/03/17 17:38:47 INFO  - jmeter.threads.JMeterThread: Thread finished: createSport 1-34 
2014/03/17 17:38:47 INFO  - jmeter.threads.JMeterThread: Thread started: createSport 1-35 
2014/03/17 17:38:47 INFO  - jmeter.threads.JMeterThread: Thread finished: createSport 1-35 
2014/03/17 17:38:47 INFO  - jmeter.threads.JMeterThread: Thread started: createSport 1-36 
2014/03/17 17:38:47 INFO  - jmeter.threads.JMeterThread: Thread finished: createSport 1-36 
2014/03/17 17:38:47 INFO  - jmeter.threads.JMeterThread: Thread started: createSport 1-37 
2014/03/17 17:38:47 INFO  - jmeter.threads.JMeterThread: Thread finished: createSport 1-37 
2014/03/17 17:38:47 INFO  - jmeter.threads.JMeterThread: Thread started: createSport 1-38 
2014/03/17 17:38:47 INFO  - jmeter.threads.JMeterThread: Thread finished: createSport 1-38 
2014/03/17 17:38:47 INFO  - jmeter.threads.JMeterThread: Thread started: createSport 1-39 
2014/03/17 17:38:47 INFO  - jmeter.threads.JMeterThread: Thread finished: createSport 1-39 
2014/03/17 17:38:47 INFO  - jmeter.threads.JMeterThread: Thread started: createSport 1-40 
2014/03/17 17:38:47 INFO  - jmeter.threads.JMeterThread: Thread finished: createSport 1-40 
2014/03/17 17:38:47 INFO  - jmeter.threads.JMeterThread: Thread started: createSport 1-41 
2014/03/17 17:38:47 INFO  - jmeter.threads.JMeterThread: Thread finished: createSport 1-41 
2014/03/17 17:38:47 INFO  - jmeter.threads.JMeterThread: Thread started: createSport 1-42 
2014/03/17 17:38:47 INFO  - jmeter.threads.JMeterThread: Thread finished: createSport 1-42 
2014/03/17 17:38:47 INFO  - jmeter.threads.JMeterThread: Thread started: createSport 1-43 
2014/03/17 17:38:47 INFO  - jmeter.threads.JMeterThread: Thread finished: createSport 1-43 
2014/03/17 17:38:47 INFO  - jmeter.threads.JMeterThread: Thread started: createSport 1-44 
2014/03/17 17:38:47 INFO  - jmeter.threads.JMeterThread: Thread finished: createSport 1-44 
2014/03/17 17:38:47 INFO  - jmeter.threads.JMeterThread: Thread started: createSport 1-45 
2014/03/17 17:38:47 INFO  - jmeter.threads.JMeterThread: Thread finished: createSport 1-45 
2014/03/17 17:38:47 INFO  - jmeter.threads.JMeterThread: Thread started: createSport 1-46 
2014/03/17 17:38:47 INFO  - jmeter.threads.JMeterThread: Thread finished: createSport 1-46 
2014/03/17 17:38:47 INFO  - jmeter.threads.JMeterThread: Thread started: createSport 1-47 
2014/03/17 17:38:47 INFO  - jmeter.threads.JMeterThread: Thread finished: createSport 1-47 
2014/03/17 17:38:47 INFO  - jmeter.threads.JMeterThread: Thread started: createSport 1-48 
2014/03/17 17:38:47 INFO  - jmeter.threads.JMeterThread: Thread started: createSport 1-49 
2014/03/17 17:38:47 INFO  - jmeter.threads.JMeterThread: Thread finished: createSport 1-48 
2014/03/17 17:38:47 INFO  - jmeter.threads.JMeterThread: Thread finished: createSport 1-49 
2014/03/17 17:38:47 INFO  - jmeter.threads.JMeterThread: Thread started: createSport 1-51 
2014/03/17 17:38:47 INFO  - jmeter.threads.JMeterThread: Thread started: createSport 1-50 
2014/03/17 17:38:47 INFO  - jmeter.threads.JMeterThread: Thread started: createSport 1-52 
2014/03/17 17:38:47 INFO  - jmeter.threads.JMeterThread: Thread finished: createSport 1-51 
2014/03/17 17:38:47 INFO  - jmeter.threads.JMeterThread: Thread finished: createSport 1-52 
2014/03/17 17:38:47 INFO  - jmeter.threads.JMeterThread: Thread finished: createSport 1-50 
2014/03/17 17:38:47 INFO  - jmeter.threads.JMeterThread: Thread started: createSport 1-53 
2014/03/17 17:38:47 INFO  - jmeter.threads.JMeterThread: Thread started: createSport 1-55 
2014/03/17 17:38:47 INFO  - jmeter.threads.JMeterThread: Thread started: createSport 1-57 
2014/03/17 17:38:48 INFO  - jmeter.threads.JMeterThread: Thread finished: createSport 1-53 
2014/03/17 17:38:48 INFO  - jmeter.threads.JMeterThread: Thread started: createSport 1-54 
2014/03/17 17:38:48 INFO  - jmeter.threads.JMeterThread: Thread finished: createSport 1-57 
2014/03/17 17:38:48 INFO  - jmeter.threads.JMeterThread: Thread finished: createSport 1-55 
2014/03/17 17:38:48 INFO  - jmeter.threads.JMeterThread: Thread finished: createSport 1-54 
2014/03/17 17:38:48 INFO  - jmeter.threads.JMeterThread: Thread started: createSport 1-56 
2014/03/17 17:38:48 INFO  - jmeter.threads.JMeterThread: Thread started: createSport 1-58 
2014/03/17 17:38:48 INFO  - jmeter.threads.JMeterThread: Thread started: createSport 1-59 
2014/03/17 17:38:48 INFO  - jmeter.threads.JMeterThread: Thread started: createSport 1-61 
2014/03/17 17:38:48 INFO  - jmeter.threads.JMeterThread: Thread finished: createSport 1-56 
2014/03/17 17:38:48 INFO  - jmeter.threads.JMeterThread: Thread finished: createSport 1-59 
2014/03/17 17:38:48 INFO  - jmeter.threads.JMeterThread: Thread finished: createSport 1-61 
2014/03/17 17:38:48 INFO  - jmeter.threads.JMeterThread: Thread started: createSport 1-63 
2014/03/17 17:38:48 INFO  - jmeter.threads.JMeterThread: Thread started: createSport 1-65 
2014/03/17 17:38:48 INFO  - jmeter.threads.JMeterThread: Thread finished: createSport 1-58 
2014/03/17 17:38:48 INFO  - jmeter.threads.JMeterThread: Thread finished: createSport 1-63 
2014/03/17 17:38:48 INFO  - jmeter.threads.JMeterThread: Thread started: createSport 1-60 
2014/03/17 17:38:48 INFO  - jmeter.threads.JMeterThread: Thread finished: createSport 1-65 
2014/03/17 17:38:48 INFO  - jmeter.threads.JMeterThread: Thread started: createSport 1-62 
2014/03/17 17:38:48 INFO  - jmeter.threads.JMeterThread: Thread finished: createSport 1-60 
2014/03/17 17:38:48 INFO  - jmeter.threads.JMeterThread: Thread started: createSport 1-68 
2014/03/17 17:38:48 INFO  - jmeter.threads.JMeterThread: Thread started: createSport 1-64 
2014/03/17 17:38:48 INFO  - jmeter.threads.JMeterThread: Thread started: createSport 1-66 
2014/03/17 17:38:48 INFO  - jmeter.threads.JMeterThread: Thread finished: createSport 1-62 
2014/03/17 17:38:48 INFO  - jmeter.threads.JMeterThread: Thread finished: createSport 1-64 
2014/03/17 17:38:48 INFO  - jmeter.threads.JMeterThread: Thread started: createSport 1-67 
2014/03/17 17:38:48 INFO  - jmeter.threads.JMeterThread: Thread finished: createSport 1-68 
2014/03/17 17:38:48 INFO  - jmeter.threads.JMeterThread: Thread started: createSport 1-70 
2014/03/17 17:38:48 INFO  - jmeter.threads.JMeterThread: Thread finished: createSport 1-66 
2014/03/17 17:38:48 INFO  - jmeter.threads.JMeterThread: Thread finished: createSport 1-67 
2014/03/17 17:38:48 INFO  - jmeter.threads.JMeterThread: Thread finished: createSport 1-70 
2014/03/17 17:38:48 INFO  - jmeter.threads.JMeterThread: Thread started: createSport 1-69 
2014/03/17 17:38:48 INFO  - jmeter.threads.JMeterThread: Thread started: createSport 1-72 
2014/03/17 17:38:48 INFO  - jmeter.threads.JMeterThread: Thread started: createSport 1-74 
2014/03/17 17:38:48 INFO  - jmeter.threads.JMeterThread: Thread started: createSport 1-76 
2014/03/17 17:38:48 INFO  - jmeter.threads.JMeterThread: Thread started: createSport 1-78 
2014/03/17 17:38:48 INFO  - jmeter.threads.JMeterThread: Thread finished: createSport 1-76 
2014/03/17 17:38:48 INFO  - jmeter.threads.JMeterThread: Thread finished: createSport 1-74 
2014/03/17 17:38:48 INFO  - jmeter.threads.JMeterThread: Thread finished: createSport 1-72 
2014/03/17 17:38:48 INFO  - jmeter.threads.JMeterThread: Thread started: createSport 1-80 
2014/03/17 17:38:48 INFO  - jmeter.threads.JMeterThread: Thread started: createSport 1-82 
2014/03/17 17:38:48 INFO  - jmeter.threads.JMeterThread: Thread finished: createSport 1-82 
2014/03/17 17:38:48 INFO  - jmeter.threads.JMeterThread: Thread started: createSport 1-84 
2014/03/17 17:38:48 INFO  - jmeter.threads.JMeterThread: Thread finished: createSport 1-78 
2014/03/17 17:38:48 INFO  - jmeter.threads.JMeterThread: Thread finished: createSport 1-80 
2014/03/17 17:38:48 INFO  - jmeter.threads.JMeterThread: Thread started: createSport 1-86 
2014/03/17 17:38:48 INFO  - jmeter.threads.JMeterThread: Thread finished: createSport 1-84 
2014/03/17 17:38:48 INFO  - jmeter.threads.JMeterThread: Thread finished: createSport 1-69 
2014/03/17 17:38:48 INFO  - jmeter.threads.JMeterThread: Thread started: createSport 1-71 
2014/03/17 17:38:48 INFO  - jmeter.threads.JMeterThread: Thread finished: createSport 1-86 
2014/03/17 17:38:48 INFO  - jmeter.threads.JMeterThread: Thread started: createSport 1-79 
2014/03/17 17:38:48 INFO  - jmeter.threads.JMeterThread: Thread started: createSport 1-77 
2014/03/17 17:38:48 INFO  - jmeter.threads.JMeterThread: Thread finished: createSport 1-71 
2014/03/17 17:38:48 INFO  - jmeter.threads.JMeterThread: Thread started: createSport 1-75 
2014/03/17 17:38:48 INFO  - jmeter.threads.JMeterThread: Thread finished: createSport 1-75 
2014/03/17 17:38:48 INFO  - jmeter.threads.JMeterThread: Thread started: createSport 1-81 
2014/03/17 17:38:48 INFO  - jmeter.threads.JMeterThread: Thread started: createSport 1-83 
2014/03/17 17:38:48 INFO  - jmeter.threads.JMeterThread: Thread finished: createSport 1-81 
2014/03/17 17:38:48 INFO  - jmeter.threads.JMeterThread: Thread started: createSport 1-85 
2014/03/17 17:38:48 INFO  - jmeter.threads.JMeterThread: Thread started: createSport 1-87 
2014/03/17 17:38:48 INFO  - jmeter.threads.JMeterThread: Thread started: createSport 1-90 
2014/03/17 17:38:48 INFO  - jmeter.threads.JMeterThread: Thread started: createSport 1-92 
2014/03/17 17:38:48 INFO  - jmeter.threads.JMeterThread: Thread finished: createSport 1-87 
2014/03/17 17:38:48 INFO  - jmeter.threads.JMeterThread: Thread started: createSport 1-94 
2014/03/17 17:38:48 INFO  - jmeter.threads.JMeterThread: Thread started: createSport 1-73 
2014/03/17 17:38:48 INFO  - jmeter.threads.JMeterThread: Thread finished: createSport 1-90 
2014/03/17 17:38:48 INFO  - jmeter.threads.JMeterThread: Thread started: createSport 1-96 
2014/03/17 17:38:48 INFO  - jmeter.threads.JMeterThread: Thread finished: createSport 1-96 
2014/03/17 17:38:48 INFO  - jmeter.threads.JMeterThread: Thread started: createSport 1-98 
2014/03/17 17:38:48 INFO  - jmeter.threads.JMeterThread: Thread started: createSport 1-100 
2014/03/17 17:38:48 INFO  - jmeter.threads.JMeterThread: Thread finished: createSport 1-100 
2014/03/17 17:38:48 INFO  - jmeter.threads.JMeterThread: Thread finished: createSport 1-92 
2014/03/17 17:38:48 INFO  - jmeter.threads.JMeterThread: Thread finished: createSport 1-73 
2014/03/17 17:38:48 INFO  - jmeter.threads.JMeterThread: Thread started: createSport 1-89 
2014/03/17 17:38:48 INFO  - jmeter.threads.JMeterThread: Thread finished: createSport 1-94 
2014/03/17 17:38:48 INFO  - jmeter.threads.JMeterThread: Thread finished: createSport 1-83 
2014/03/17 17:38:48 INFO  - jmeter.threads.JMeterThread: Thread finished: createSport 1-85 
2014/03/17 17:38:48 INFO  - jmeter.threads.JMeterThread: Thread finished: createSport 1-77 
2014/03/17 17:38:48 INFO  - jmeter.threads.JMeterThread: Thread started: createSport 1-88 
2014/03/17 17:38:48 INFO  - jmeter.threads.JMeterThread: Thread finished: createSport 1-89 
2014/03/17 17:38:48 INFO  - jmeter.threads.JMeterThread: Thread finished: createSport 1-79 
2014/03/17 17:38:48 INFO  - jmeter.threads.JMeterThread: Thread finished: createSport 1-98 
2014/03/17 17:38:48 INFO  - jmeter.threads.JMeterThread: Thread started: createSport 1-91 
2014/03/17 17:38:48 INFO  - jmeter.threads.JMeterThread: Thread finished: createSport 1-91 
2014/03/17 17:38:48 INFO  - jmeter.threads.JMeterThread: Thread finished: createSport 1-88 
2014/03/17 17:38:48 INFO  - jmeter.threads.JMeterThread: Thread started: createSport 1-97 
2014/03/17 17:38:48 INFO  - jmeter.threads.JMeterThread: Thread started: createSport 1-95 
2014/03/17 17:38:48 INFO  - jmeter.threads.JMeterThread: Thread started: createSport 1-93 
2014/03/17 17:38:48 INFO  - jmeter.threads.JMeterThread: Thread finished: createSport 1-93 
2014/03/17 17:38:48 INFO  - jmeter.threads.JMeterThread: Thread started: createSport 1-99 
2014/03/17 17:38:48 INFO  - jmeter.threads.JMeterThread: Thread finished: createSport 1-95 
2014/03/17 17:38:48 INFO  - jmeter.threads.JMeterThread: Thread finished: createSport 1-99 
2014/03/17 17:38:48 INFO  - jmeter.threads.JMeterThread: Thread finished: createSport 1-97 
2014/03/17 17:38:48 INFO  - jmeter.engine.StandardJMeterEngine: Starting ThreadGroup: 2 : getSport 
2014/03/17 17:38:48 INFO  - jmeter.engine.StandardJMeterEngine: Starting 100 threads for group getSport. 
2014/03/17 17:38:48 INFO  - jmeter.engine.StandardJMeterEngine: Thread will continue on error 
2014/03/17 17:38:48 INFO  - jmeter.threads.ThreadGroup: Starting thread group number 2 threads 100 ramp-up 1 perThread 10.0 delayedStart=false 
2014/03/17 17:38:48 INFO  - jmeter.threads.JMeterThread: Thread started: getSport 2-1 
2014/03/17 17:38:48 INFO  - jmeter.threads.JMeterThread: Thread started: getSport 2-2 
2014/03/17 17:38:48 INFO  - jmeter.threads.JMeterThread: Thread finished: getSport 2-1 
2014/03/17 17:38:48 INFO  - jmeter.threads.JMeterThread: Thread started: getSport 2-3 
2014/03/17 17:38:48 INFO  - jmeter.threads.JMeterThread: Thread finished: getSport 2-2 
2014/03/17 17:38:48 INFO  - jmeter.threads.JMeterThread: Thread finished: getSport 2-3 
2014/03/17 17:38:48 INFO  - jmeter.threads.JMeterThread: Thread started: getSport 2-5 
2014/03/17 17:38:48 INFO  - jmeter.threads.JMeterThread: Thread finished: getSport 2-5 
2014/03/17 17:38:48 INFO  - jmeter.threads.JMeterThread: Thread started: getSport 2-4 
2014/03/17 17:38:48 INFO  - jmeter.threads.JMeterThread: Thread finished: getSport 2-4 
2014/03/17 17:38:48 INFO  - jmeter.threads.JMeterThread: Thread started: getSport 2-7 
2014/03/17 17:38:48 INFO  - jmeter.threads.JMeterThread: Thread finished: getSport 2-7 
2014/03/17 17:38:48 INFO  - jmeter.threads.JMeterThread: Thread started: getSport 2-6 
2014/03/17 17:38:48 INFO  - jmeter.threads.JMeterThread: Thread finished: getSport 2-6 
2014/03/17 17:38:48 INFO  - jmeter.threads.JMeterThread: Thread started: getSport 2-9 
2014/03/17 17:38:48 INFO  - jmeter.threads.JMeterThread: Thread finished: getSport 2-9 
2014/03/17 17:38:48 INFO  - jmeter.threads.ThreadGroup: Started thread group number 2 
2014/03/17 17:38:48 INFO  - jmeter.engine.StandardJMeterEngine: Waiting for thread group: getSport to finish before starting next group 
2014/03/17 17:38:48 INFO  - jmeter.threads.JMeterThread: Thread started: getSport 2-8 
2014/03/17 17:38:48 INFO  - jmeter.threads.JMeterThread: Thread finished: getSport 2-8 
2014/03/17 17:38:48 INFO  - jmeter.threads.JMeterThread: Thread started: getSport 2-11 
2014/03/17 17:38:48 INFO  - jmeter.threads.JMeterThread: Thread finished: getSport 2-11 
2014/03/17 17:38:48 INFO  - jmeter.threads.JMeterThread: Thread started: getSport 2-10 
2014/03/17 17:38:48 INFO  - jmeter.threads.JMeterThread: Thread started: getSport 2-13 
2014/03/17 17:38:48 INFO  - jmeter.threads.JMeterThread: Thread finished: getSport 2-10 
2014/03/17 17:38:48 INFO  - jmeter.threads.JMeterThread: Thread finished: getSport 2-13 
2014/03/17 17:38:48 INFO  - jmeter.threads.JMeterThread: Thread started: getSport 2-12 
2014/03/17 17:38:48 INFO  - jmeter.threads.JMeterThread: Thread finished: getSport 2-12 
2014/03/17 17:38:48 INFO  - jmeter.threads.JMeterThread: Thread started: getSport 2-15 
2014/03/17 17:38:48 INFO  - jmeter.threads.JMeterThread: Thread finished: getSport 2-15 
2014/03/17 17:38:48 INFO  - jmeter.threads.JMeterThread: Thread started: getSport 2-14 
2014/03/17 17:38:48 INFO  - jmeter.threads.JMeterThread: Thread finished: getSport 2-14 
2014/03/17 17:38:48 INFO  - jmeter.threads.JMeterThread: Thread started: getSport 2-17 
2014/03/17 17:38:48 INFO  - jmeter.threads.JMeterThread: Thread finished: getSport 2-17 
2014/03/17 17:38:48 INFO  - jmeter.threads.JMeterThread: Thread started: getSport 2-16 
2014/03/17 17:38:48 INFO  - jmeter.threads.JMeterThread: Thread finished: getSport 2-16 
2014/03/17 17:38:48 INFO  - jmeter.threads.JMeterThread: Thread started: getSport 2-19 
2014/03/17 17:38:48 INFO  - jmeter.threads.JMeterThread: Thread finished: getSport 2-19 
2014/03/17 17:38:48 INFO  - jmeter.threads.JMeterThread: Thread started: getSport 2-18 
2014/03/17 17:38:48 INFO  - jmeter.threads.JMeterThread: Thread finished: getSport 2-18 
2014/03/17 17:38:48 INFO  - jmeter.threads.JMeterThread: Thread started: getSport 2-20 
2014/03/17 17:38:48 INFO  - jmeter.threads.JMeterThread: Thread finished: getSport 2-20 
2014/03/17 17:38:48 INFO  - jmeter.threads.JMeterThread: Thread started: getSport 2-21 
2014/03/17 17:38:48 INFO  - jmeter.threads.JMeterThread: Thread finished: getSport 2-21 
2014/03/17 17:38:48 INFO  - jmeter.threads.JMeterThread: Thread started: getSport 2-22 
2014/03/17 17:38:48 INFO  - jmeter.threads.JMeterThread: Thread finished: getSport 2-22 
2014/03/17 17:38:48 INFO  - jmeter.threads.JMeterThread: Thread started: getSport 2-23 
2014/03/17 17:38:48 INFO  - jmeter.threads.JMeterThread: Thread finished: getSport 2-23 
2014/03/17 17:38:48 INFO  - jmeter.threads.JMeterThread: Thread started: getSport 2-24 
2014/03/17 17:38:48 INFO  - jmeter.threads.JMeterThread: Thread finished: getSport 2-24 
2014/03/17 17:38:48 INFO  - jmeter.threads.JMeterThread: Thread started: getSport 2-25 
2014/03/17 17:38:48 INFO  - jmeter.threads.JMeterThread: Thread finished: getSport 2-25 
2014/03/17 17:38:48 INFO  - jmeter.threads.JMeterThread: Thread started: getSport 2-26 
2014/03/17 17:38:48 INFO  - jmeter.threads.JMeterThread: Thread finished: getSport 2-26 
2014/03/17 17:38:48 INFO  - jmeter.threads.JMeterThread: Thread started: getSport 2-27 
2014/03/17 17:38:48 INFO  - jmeter.threads.JMeterThread: Thread finished: getSport 2-27 
2014/03/17 17:38:48 INFO  - jmeter.threads.JMeterThread: Thread started: getSport 2-28 
2014/03/17 17:38:48 INFO  - jmeter.threads.JMeterThread: Thread finished: getSport 2-28 
2014/03/17 17:38:48 INFO  - jmeter.threads.JMeterThread: Thread started: getSport 2-29 
2014/03/17 17:38:48 INFO  - jmeter.threads.JMeterThread: Thread finished: getSport 2-29 
2014/03/17 17:38:48 INFO  - jmeter.threads.JMeterThread: Thread started: getSport 2-30 
2014/03/17 17:38:48 INFO  - jmeter.threads.JMeterThread: Thread finished: getSport 2-30 
2014/03/17 17:38:48 INFO  - jmeter.threads.JMeterThread: Thread started: getSport 2-31 
2014/03/17 17:38:48 INFO  - jmeter.threads.JMeterThread: Thread started: getSport 2-32 
2014/03/17 17:38:48 INFO  - jmeter.threads.JMeterThread: Thread finished: getSport 2-31 
2014/03/17 17:38:49 INFO  - jmeter.threads.JMeterThread: Thread finished: getSport 2-32 
2014/03/17 17:38:49 INFO  - jmeter.threads.JMeterThread: Thread started: getSport 2-33 
2014/03/17 17:38:49 INFO  - jmeter.threads.JMeterThread: Thread finished: getSport 2-33 
2014/03/17 17:38:49 INFO  - jmeter.threads.JMeterThread: Thread started: getSport 2-34 
2014/03/17 17:38:49 INFO  - jmeter.threads.JMeterThread: Thread finished: getSport 2-34 
2014/03/17 17:38:49 INFO  - jmeter.threads.JMeterThread: Thread started: getSport 2-35 
2014/03/17 17:38:49 INFO  - jmeter.threads.JMeterThread: Thread finished: getSport 2-35 
2014/03/17 17:38:49 INFO  - jmeter.threads.JMeterThread: Thread started: getSport 2-36 
2014/03/17 17:38:49 INFO  - jmeter.threads.JMeterThread: Thread finished: getSport 2-36 
2014/03/17 17:38:49 INFO  - jmeter.threads.JMeterThread: Thread started: getSport 2-37 
2014/03/17 17:38:49 INFO  - jmeter.threads.JMeterThread: Thread finished: getSport 2-37 
2014/03/17 17:38:49 INFO  - jmeter.threads.JMeterThread: Thread started: getSport 2-38 
2014/03/17 17:38:49 INFO  - jmeter.threads.JMeterThread: Thread finished: getSport 2-38 
2014/03/17 17:38:49 INFO  - jmeter.threads.JMeterThread: Thread started: getSport 2-39 
2014/03/17 17:38:49 INFO  - jmeter.threads.JMeterThread: Thread finished: getSport 2-39 
2014/03/17 17:38:49 INFO  - jmeter.threads.JMeterThread: Thread started: getSport 2-40 
2014/03/17 17:38:49 INFO  - jmeter.threads.JMeterThread: Thread finished: getSport 2-40 
2014/03/17 17:38:49 INFO  - jmeter.threads.JMeterThread: Thread started: getSport 2-41 
2014/03/17 17:38:49 INFO  - jmeter.threads.JMeterThread: Thread finished: getSport 2-41 
2014/03/17 17:38:49 INFO  - jmeter.threads.JMeterThread: Thread started: getSport 2-42 
2014/03/17 17:38:49 INFO  - jmeter.threads.JMeterThread: Thread finished: getSport 2-42 
2014/03/17 17:38:49 INFO  - jmeter.threads.JMeterThread: Thread started: getSport 2-43 
2014/03/17 17:38:49 INFO  - jmeter.threads.JMeterThread: Thread finished: getSport 2-43 
2014/03/17 17:38:49 INFO  - jmeter.threads.JMeterThread: Thread started: getSport 2-44 
2014/03/17 17:38:49 INFO  - jmeter.threads.JMeterThread: Thread finished: getSport 2-44 
2014/03/17 17:38:49 INFO  - jmeter.threads.JMeterThread: Thread started: getSport 2-45 
2014/03/17 17:38:49 INFO  - jmeter.threads.JMeterThread: Thread finished: getSport 2-45 
2014/03/17 17:38:49 INFO  - jmeter.threads.JMeterThread: Thread started: getSport 2-46 
2014/03/17 17:38:49 INFO  - jmeter.threads.JMeterThread: Thread finished: getSport 2-46 
2014/03/17 17:38:49 INFO  - jmeter.threads.JMeterThread: Thread started: getSport 2-47 
2014/03/17 17:38:49 INFO  - jmeter.threads.JMeterThread: Thread finished: getSport 2-47 
2014/03/17 17:38:49 INFO  - jmeter.threads.JMeterThread: Thread started: getSport 2-48 
2014/03/17 17:38:49 INFO  - jmeter.threads.JMeterThread: Thread finished: getSport 2-48 
2014/03/17 17:38:49 INFO  - jmeter.threads.JMeterThread: Thread started: getSport 2-49 
2014/03/17 17:38:49 INFO  - jmeter.threads.JMeterThread: Thread finished: getSport 2-49 
2014/03/17 17:38:49 INFO  - jmeter.threads.JMeterThread: Thread started: getSport 2-50 
2014/03/17 17:38:49 INFO  - jmeter.threads.JMeterThread: Thread finished: getSport 2-50 
2014/03/17 17:38:49 INFO  - jmeter.threads.JMeterThread: Thread started: getSport 2-51 
2014/03/17 17:38:49 INFO  - jmeter.threads.JMeterThread: Thread started: getSport 2-52 
2014/03/17 17:38:49 INFO  - jmeter.threads.JMeterThread: Thread finished: getSport 2-51 
2014/03/17 17:38:49 INFO  - jmeter.threads.JMeterThread: Thread finished: getSport 2-52 
2014/03/17 17:38:49 INFO  - jmeter.threads.JMeterThread: Thread started: getSport 2-53 
2014/03/17 17:38:49 INFO  - jmeter.threads.JMeterThread: Thread finished: getSport 2-53 
2014/03/17 17:38:49 INFO  - jmeter.threads.JMeterThread: Thread started: getSport 2-54 
2014/03/17 17:38:49 INFO  - jmeter.threads.JMeterThread: Thread started: getSport 2-55 
2014/03/17 17:38:49 INFO  - jmeter.threads.JMeterThread: Thread finished: getSport 2-54 
2014/03/17 17:38:49 INFO  - jmeter.threads.JMeterThread: Thread finished: getSport 2-55 
2014/03/17 17:38:49 INFO  - jmeter.threads.JMeterThread: Thread started: getSport 2-56 
2014/03/17 17:38:49 INFO  - jmeter.threads.JMeterThread: Thread finished: getSport 2-56 
2014/03/17 17:38:49 INFO  - jmeter.threads.JMeterThread: Thread started: getSport 2-57 
2014/03/17 17:38:49 INFO  - jmeter.threads.JMeterThread: Thread finished: getSport 2-57 
2014/03/17 17:38:49 INFO  - jmeter.threads.JMeterThread: Thread started: getSport 2-58 
2014/03/17 17:38:49 INFO  - jmeter.threads.JMeterThread: Thread finished: getSport 2-58 
2014/03/17 17:38:49 INFO  - jmeter.threads.JMeterThread: Thread started: getSport 2-59 
2014/03/17 17:38:49 INFO  - jmeter.threads.JMeterThread: Thread finished: getSport 2-59 
2014/03/17 17:38:49 INFO  - jmeter.threads.JMeterThread: Thread started: getSport 2-60 
2014/03/17 17:38:49 INFO  - jmeter.threads.JMeterThread: Thread finished: getSport 2-60 
2014/03/17 17:38:49 INFO  - jmeter.threads.JMeterThread: Thread started: getSport 2-61 
2014/03/17 17:38:49 INFO  - jmeter.threads.JMeterThread: Thread finished: getSport 2-61 
2014/03/17 17:38:49 INFO  - jmeter.threads.JMeterThread: Thread started: getSport 2-62 
2014/03/17 17:38:49 INFO  - jmeter.threads.JMeterThread: Thread finished: getSport 2-62 
2014/03/17 17:38:49 INFO  - jmeter.threads.JMeterThread: Thread started: getSport 2-63 
2014/03/17 17:38:49 INFO  - jmeter.threads.JMeterThread: Thread finished: getSport 2-63 
2014/03/17 17:38:49 INFO  - jmeter.threads.JMeterThread: Thread started: getSport 2-64 
2014/03/17 17:38:49 INFO  - jmeter.threads.JMeterThread: Thread finished: getSport 2-64 
2014/03/17 17:38:49 INFO  - jmeter.threads.JMeterThread: Thread started: getSport 2-65 
2014/03/17 17:38:49 INFO  - jmeter.threads.JMeterThread: Thread finished: getSport 2-65 
2014/03/17 17:38:49 INFO  - jmeter.threads.JMeterThread: Thread started: getSport 2-66 
2014/03/17 17:38:49 INFO  - jmeter.threads.JMeterThread: Thread finished: getSport 2-66 
2014/03/17 17:38:49 INFO  - jmeter.threads.JMeterThread: Thread started: getSport 2-68 
2014/03/17 17:38:49 INFO  - jmeter.threads.JMeterThread: Thread started: getSport 2-67 
2014/03/17 17:38:49 INFO  - jmeter.threads.JMeterThread: Thread finished: getSport 2-67 
2014/03/17 17:38:49 INFO  - jmeter.threads.JMeterThread: Thread finished: getSport 2-68 
2014/03/17 17:38:49 INFO  - jmeter.threads.JMeterThread: Thread started: getSport 2-69 
2014/03/17 17:38:49 INFO  - jmeter.threads.JMeterThread: Thread finished: getSport 2-69 
2014/03/17 17:38:49 INFO  - jmeter.threads.JMeterThread: Thread started: getSport 2-70 
2014/03/17 17:38:49 INFO  - jmeter.threads.JMeterThread: Thread finished: getSport 2-70 
2014/03/17 17:38:49 INFO  - jmeter.threads.JMeterThread: Thread started: getSport 2-71 
2014/03/17 17:38:49 INFO  - jmeter.threads.JMeterThread: Thread finished: getSport 2-71 
2014/03/17 17:38:49 INFO  - jmeter.threads.JMeterThread: Thread started: getSport 2-72 
2014/03/17 17:38:49 INFO  - jmeter.threads.JMeterThread: Thread finished: getSport 2-72 
2014/03/17 17:38:49 INFO  - jmeter.threads.JMeterThread: Thread started: getSport 2-73 
2014/03/17 17:38:49 INFO  - jmeter.threads.JMeterThread: Thread finished: getSport 2-73 
2014/03/17 17:38:49 INFO  - jmeter.threads.JMeterThread: Thread started: getSport 2-74 
2014/03/17 17:38:49 INFO  - jmeter.threads.JMeterThread: Thread finished: getSport 2-74 
2014/03/17 17:38:49 INFO  - jmeter.threads.JMeterThread: Thread started: getSport 2-75 
2014/03/17 17:38:49 INFO  - jmeter.threads.JMeterThread: Thread finished: getSport 2-75 
2014/03/17 17:38:49 INFO  - jmeter.threads.JMeterThread: Thread started: getSport 2-76 
2014/03/17 17:38:49 INFO  - jmeter.threads.JMeterThread: Thread finished: getSport 2-76 
2014/03/17 17:38:49 INFO  - jmeter.threads.JMeterThread: Thread started: getSport 2-77 
2014/03/17 17:38:49 INFO  - jmeter.threads.JMeterThread: Thread finished: getSport 2-77 
2014/03/17 17:38:49 INFO  - jmeter.threads.JMeterThread: Thread started: getSport 2-78 
2014/03/17 17:38:49 INFO  - jmeter.threads.JMeterThread: Thread finished: getSport 2-78 
2014/03/17 17:38:49 INFO  - jmeter.threads.JMeterThread: Thread started: getSport 2-79 
2014/03/17 17:38:49 INFO  - jmeter.threads.JMeterThread: Thread finished: getSport 2-79 
2014/03/17 17:38:49 INFO  - jmeter.threads.JMeterThread: Thread started: getSport 2-80 
2014/03/17 17:38:49 INFO  - jmeter.threads.JMeterThread: Thread finished: getSport 2-80 
2014/03/17 17:38:49 INFO  - jmeter.threads.JMeterThread: Thread started: getSport 2-81 
2014/03/17 17:38:49 INFO  - jmeter.threads.JMeterThread: Thread finished: getSport 2-81 
2014/03/17 17:38:49 INFO  - jmeter.threads.JMeterThread: Thread started: getSport 2-82 
2014/03/17 17:38:49 INFO  - jmeter.threads.JMeterThread: Thread finished: getSport 2-82 
2014/03/17 17:38:49 INFO  - jmeter.threads.JMeterThread: Thread started: getSport 2-83 
2014/03/17 17:38:49 INFO  - jmeter.threads.JMeterThread: Thread finished: getSport 2-83 
2014/03/17 17:38:49 INFO  - jmeter.threads.JMeterThread: Thread started: getSport 2-84 
2014/03/17 17:38:49 INFO  - jmeter.threads.JMeterThread: Thread finished: getSport 2-84 
2014/03/17 17:38:49 INFO  - jmeter.threads.JMeterThread: Thread started: getSport 2-85 
2014/03/17 17:38:49 INFO  - jmeter.threads.JMeterThread: Thread finished: getSport 2-85 
2014/03/17 17:38:49 INFO  - jmeter.threads.JMeterThread: Thread started: getSport 2-86 
2014/03/17 17:38:49 INFO  - jmeter.threads.JMeterThread: Thread finished: getSport 2-86 
2014/03/17 17:38:49 INFO  - jmeter.threads.JMeterThread: Thread started: getSport 2-87 
2014/03/17 17:38:49 INFO  - jmeter.threads.JMeterThread: Thread finished: getSport 2-87 
2014/03/17 17:38:49 INFO  - jmeter.threads.JMeterThread: Thread started: getSport 2-88 
2014/03/17 17:38:49 INFO  - jmeter.threads.JMeterThread: Thread finished: getSport 2-88 
2014/03/17 17:38:49 INFO  - jmeter.threads.JMeterThread: Thread started: getSport 2-89 
2014/03/17 17:38:49 INFO  - jmeter.threads.JMeterThread: Thread finished: getSport 2-89 
2014/03/17 17:38:49 INFO  - jmeter.threads.JMeterThread: Thread started: getSport 2-90 
2014/03/17 17:38:49 INFO  - jmeter.threads.JMeterThread: Thread finished: getSport 2-90 
2014/03/17 17:38:49 INFO  - jmeter.threads.JMeterThread: Thread started: getSport 2-91 
2014/03/17 17:38:49 INFO  - jmeter.threads.JMeterThread: Thread finished: getSport 2-91 
2014/03/17 17:38:49 INFO  - jmeter.threads.JMeterThread: Thread started: getSport 2-92 
2014/03/17 17:38:49 INFO  - jmeter.threads.JMeterThread: Thread finished: getSport 2-92 
2014/03/17 17:38:49 INFO  - jmeter.threads.JMeterThread: Thread started: getSport 2-93 
2014/03/17 17:38:49 INFO  - jmeter.threads.JMeterThread: Thread finished: getSport 2-93 
2014/03/17 17:38:49 INFO  - jmeter.threads.JMeterThread: Thread started: getSport 2-94 
2014/03/17 17:38:49 INFO  - jmeter.threads.JMeterThread: Thread finished: getSport 2-94 
2014/03/17 17:38:49 INFO  - jmeter.threads.JMeterThread: Thread started: getSport 2-95 
2014/03/17 17:38:49 INFO  - jmeter.threads.JMeterThread: Thread finished: getSport 2-95 
2014/03/17 17:38:49 INFO  - jmeter.threads.JMeterThread: Thread started: getSport 2-96 
2014/03/17 17:38:49 INFO  - jmeter.threads.JMeterThread: Thread finished: getSport 2-96 
2014/03/17 17:38:49 INFO  - jmeter.threads.JMeterThread: Thread started: getSport 2-97 
2014/03/17 17:38:49 INFO  - jmeter.threads.JMeterThread: Thread finished: getSport 2-97 
2014/03/17 17:38:49 INFO  - jmeter.threads.JMeterThread: Thread started: getSport 2-98 
2014/03/17 17:38:49 INFO  - jmeter.threads.JMeterThread: Thread finished: getSport 2-98 
2014/03/17 17:38:49 INFO  - jmeter.threads.JMeterThread: Thread started: getSport 2-99 
2014/03/17 17:38:49 INFO  - jmeter.threads.JMeterThread: Thread finished: getSport 2-99 
2014/03/17 17:38:49 INFO  - jmeter.threads.JMeterThread: Thread started: getSport 2-100 
2014/03/17 17:38:49 INFO  - jmeter.threads.JMeterThread: Thread finished: getSport 2-100 
2014/03/17 17:38:49 INFO  - jmeter.engine.StandardJMeterEngine: Starting ThreadGroup: 3 : updateSport 
2014/03/17 17:38:49 INFO  - jmeter.engine.StandardJMeterEngine: Starting 100 threads for group updateSport. 
2014/03/17 17:38:49 INFO  - jmeter.engine.StandardJMeterEngine: Thread will continue on error 
2014/03/17 17:38:49 INFO  - jmeter.threads.ThreadGroup: Starting thread group number 3 threads 100 ramp-up 1 perThread 10.0 delayedStart=false 
2014/03/17 17:38:49 INFO  - jmeter.threads.JMeterThread: Thread started: updateSport 3-1 
2014/03/17 17:38:49 INFO  - jmeter.threads.JMeterThread: Thread finished: updateSport 3-1 
2014/03/17 17:38:49 INFO  - jmeter.threads.JMeterThread: Thread started: updateSport 3-2 
2014/03/17 17:38:49 INFO  - jmeter.threads.JMeterThread: Thread finished: updateSport 3-2 
2014/03/17 17:38:49 INFO  - jmeter.threads.JMeterThread: Thread started: updateSport 3-3 
2014/03/17 17:38:49 INFO  - jmeter.threads.JMeterThread: Thread finished: updateSport 3-3 
2014/03/17 17:38:49 INFO  - jmeter.threads.ThreadGroup: Started thread group number 3 
2014/03/17 17:38:49 INFO  - jmeter.engine.StandardJMeterEngine: Waiting for thread group: updateSport to finish before starting next group 
2014/03/17 17:38:49 INFO  - jmeter.threads.JMeterThread: Thread started: updateSport 3-4 
2014/03/17 17:38:49 INFO  - jmeter.threads.JMeterThread: Thread started: updateSport 3-5 
2014/03/17 17:38:49 INFO  - jmeter.threads.JMeterThread: Thread finished: updateSport 3-4 
2014/03/17 17:38:49 INFO  - jmeter.threads.JMeterThread: Thread started: updateSport 3-6 
2014/03/17 17:38:49 INFO  - jmeter.threads.JMeterThread: Thread finished: updateSport 3-5 
2014/03/17 17:38:49 INFO  - jmeter.threads.JMeterThread: Thread started: updateSport 3-7 
2014/03/17 17:38:49 INFO  - jmeter.threads.JMeterThread: Thread finished: updateSport 3-7 
2014/03/17 17:38:49 INFO  - jmeter.threads.JMeterThread: Thread finished: updateSport 3-6 
2014/03/17 17:38:49 INFO  - jmeter.threads.JMeterThread: Thread started: updateSport 3-8 
2014/03/17 17:38:49 INFO  - jmeter.threads.JMeterThread: Thread finished: updateSport 3-8 
2014/03/17 17:38:49 INFO  - jmeter.threads.JMeterThread: Thread started: updateSport 3-9 
2014/03/17 17:38:49 INFO  - jmeter.threads.JMeterThread: Thread finished: updateSport 3-9 
2014/03/17 17:38:49 INFO  - jmeter.threads.JMeterThread: Thread started: updateSport 3-10 
2014/03/17 17:38:49 INFO  - jmeter.threads.JMeterThread: Thread finished: updateSport 3-10 
2014/03/17 17:38:49 INFO  - jmeter.threads.JMeterThread: Thread started: updateSport 3-11 
2014/03/17 17:38:49 INFO  - jmeter.threads.JMeterThread: Thread finished: updateSport 3-11 
2014/03/17 17:38:49 INFO  - jmeter.threads.JMeterThread: Thread started: updateSport 3-12 
2014/03/17 17:38:49 INFO  - jmeter.threads.JMeterThread: Thread finished: updateSport 3-12 
2014/03/17 17:38:49 INFO  - jmeter.threads.JMeterThread: Thread started: updateSport 3-13 
2014/03/17 17:38:49 INFO  - jmeter.threads.JMeterThread: Thread finished: updateSport 3-13 
2014/03/17 17:38:49 INFO  - jmeter.threads.JMeterThread: Thread started: updateSport 3-14 
2014/03/17 17:38:49 INFO  - jmeter.threads.JMeterThread: Thread finished: updateSport 3-14 
2014/03/17 17:38:49 INFO  - jmeter.threads.JMeterThread: Thread started: updateSport 3-15 
2014/03/17 17:38:49 INFO  - jmeter.threads.JMeterThread: Thread finished: updateSport 3-15 
2014/03/17 17:38:49 INFO  - jmeter.threads.JMeterThread: Thread started: updateSport 3-16 
2014/03/17 17:38:49 INFO  - jmeter.threads.JMeterThread: Thread finished: updateSport 3-16 
2014/03/17 17:38:49 INFO  - jmeter.threads.JMeterThread: Thread started: updateSport 3-17 
2014/03/17 17:38:49 INFO  - jmeter.threads.JMeterThread: Thread finished: updateSport 3-17 
2014/03/17 17:38:49 INFO  - jmeter.threads.JMeterThread: Thread started: updateSport 3-18 
2014/03/17 17:38:49 INFO  - jmeter.threads.JMeterThread: Thread finished: updateSport 3-18 
2014/03/17 17:38:49 INFO  - jmeter.threads.JMeterThread: Thread started: updateSport 3-19 
2014/03/17 17:38:49 INFO  - jmeter.threads.JMeterThread: Thread finished: updateSport 3-19 
2014/03/17 17:38:49 INFO  - jmeter.threads.JMeterThread: Thread started: updateSport 3-20 
2014/03/17 17:38:49 INFO  - jmeter.threads.JMeterThread: Thread finished: updateSport 3-20 
2014/03/17 17:38:49 INFO  - jmeter.threads.JMeterThread: Thread started: updateSport 3-21 
2014/03/17 17:38:49 INFO  - jmeter.threads.JMeterThread: Thread finished: updateSport 3-21 
2014/03/17 17:38:49 INFO  - jmeter.threads.JMeterThread: Thread started: updateSport 3-22 
2014/03/17 17:38:49 INFO  - jmeter.threads.JMeterThread: Thread finished: updateSport 3-22 
2014/03/17 17:38:49 INFO  - jmeter.threads.JMeterThread: Thread started: updateSport 3-23 
2014/03/17 17:38:49 INFO  - jmeter.threads.JMeterThread: Thread finished: updateSport 3-23 
2014/03/17 17:38:49 INFO  - jmeter.threads.JMeterThread: Thread started: updateSport 3-24 
2014/03/17 17:38:49 INFO  - jmeter.threads.JMeterThread: Thread finished: updateSport 3-24 
2014/03/17 17:38:50 INFO  - jmeter.threads.JMeterThread: Thread started: updateSport 3-25 
2014/03/17 17:38:50 INFO  - jmeter.threads.JMeterThread: Thread finished: updateSport 3-25 
2014/03/17 17:38:50 INFO  - jmeter.threads.JMeterThread: Thread started: updateSport 3-26 
2014/03/17 17:38:50 INFO  - jmeter.threads.JMeterThread: Thread finished: updateSport 3-26 
2014/03/17 17:38:50 INFO  - jmeter.threads.JMeterThread: Thread started: updateSport 3-27 
2014/03/17 17:38:50 INFO  - jmeter.threads.JMeterThread: Thread finished: updateSport 3-27 
2014/03/17 17:38:50 INFO  - jmeter.threads.JMeterThread: Thread started: updateSport 3-28 
2014/03/17 17:38:50 INFO  - jmeter.threads.JMeterThread: Thread finished: updateSport 3-28 
2014/03/17 17:38:50 INFO  - jmeter.threads.JMeterThread: Thread started: updateSport 3-29 
2014/03/17 17:38:50 INFO  - jmeter.threads.JMeterThread: Thread finished: updateSport 3-29 
2014/03/17 17:38:50 INFO  - jmeter.threads.JMeterThread: Thread started: updateSport 3-30 
2014/03/17 17:38:50 INFO  - jmeter.threads.JMeterThread: Thread finished: updateSport 3-30 
2014/03/17 17:38:50 INFO  - jmeter.threads.JMeterThread: Thread started: updateSport 3-31 
2014/03/17 17:38:50 INFO  - jmeter.threads.JMeterThread: Thread started: updateSport 3-32 
2014/03/17 17:38:50 INFO  - jmeter.threads.JMeterThread: Thread finished: updateSport 3-31 
2014/03/17 17:38:50 INFO  - jmeter.threads.JMeterThread: Thread finished: updateSport 3-32 
2014/03/17 17:38:50 INFO  - jmeter.threads.JMeterThread: Thread started: updateSport 3-33 
2014/03/17 17:38:50 INFO  - jmeter.threads.JMeterThread: Thread finished: updateSport 3-33 
2014/03/17 17:38:50 INFO  - jmeter.threads.JMeterThread: Thread started: updateSport 3-34 
2014/03/17 17:38:50 INFO  - jmeter.threads.JMeterThread: Thread finished: updateSport 3-34 
2014/03/17 17:38:50 INFO  - jmeter.threads.JMeterThread: Thread started: updateSport 3-35 
2014/03/17 17:38:50 INFO  - jmeter.threads.JMeterThread: Thread finished: updateSport 3-35 
2014/03/17 17:38:50 INFO  - jmeter.threads.JMeterThread: Thread started: updateSport 3-36 
2014/03/17 17:38:50 INFO  - jmeter.threads.JMeterThread: Thread finished: updateSport 3-36 
2014/03/17 17:38:50 INFO  - jmeter.threads.JMeterThread: Thread started: updateSport 3-37 
2014/03/17 17:38:50 INFO  - jmeter.threads.JMeterThread: Thread finished: updateSport 3-37 
2014/03/17 17:38:50 INFO  - jmeter.threads.JMeterThread: Thread started: updateSport 3-38 
2014/03/17 17:38:50 INFO  - jmeter.threads.JMeterThread: Thread finished: updateSport 3-38 
2014/03/17 17:38:50 INFO  - jmeter.threads.JMeterThread: Thread started: updateSport 3-39 
2014/03/17 17:38:50 INFO  - jmeter.threads.JMeterThread: Thread finished: updateSport 3-39 
2014/03/17 17:38:50 INFO  - jmeter.threads.JMeterThread: Thread started: updateSport 3-40 
2014/03/17 17:38:50 INFO  - jmeter.threads.JMeterThread: Thread finished: updateSport 3-40 
2014/03/17 17:38:50 INFO  - jmeter.threads.JMeterThread: Thread started: updateSport 3-41 
2014/03/17 17:38:50 INFO  - jmeter.threads.JMeterThread: Thread finished: updateSport 3-41 
2014/03/17 17:38:50 INFO  - jmeter.threads.JMeterThread: Thread started: updateSport 3-42 
2014/03/17 17:38:50 INFO  - jmeter.threads.JMeterThread: Thread finished: updateSport 3-42 
2014/03/17 17:38:50 INFO  - jmeter.threads.JMeterThread: Thread started: updateSport 3-43 
2014/03/17 17:38:50 INFO  - jmeter.threads.JMeterThread: Thread finished: updateSport 3-43 
2014/03/17 17:38:50 INFO  - jmeter.threads.JMeterThread: Thread started: updateSport 3-44 
2014/03/17 17:38:50 INFO  - jmeter.threads.JMeterThread: Thread finished: updateSport 3-44 
2014/03/17 17:38:50 INFO  - jmeter.threads.JMeterThread: Thread started: updateSport 3-45 
2014/03/17 17:38:50 INFO  - jmeter.threads.JMeterThread: Thread finished: updateSport 3-45 
2014/03/17 17:38:50 INFO  - jmeter.threads.JMeterThread: Thread started: updateSport 3-46 
2014/03/17 17:38:50 INFO  - jmeter.threads.JMeterThread: Thread finished: updateSport 3-46 
2014/03/17 17:38:50 INFO  - jmeter.threads.JMeterThread: Thread started: updateSport 3-47 
2014/03/17 17:38:50 INFO  - jmeter.threads.JMeterThread: Thread finished: updateSport 3-47 
2014/03/17 17:38:50 INFO  - jmeter.threads.JMeterThread: Thread started: updateSport 3-48 
2014/03/17 17:38:50 INFO  - jmeter.threads.JMeterThread: Thread started: updateSport 3-49 
2014/03/17 17:38:50 INFO  - jmeter.threads.JMeterThread: Thread finished: updateSport 3-48 
2014/03/17 17:38:50 INFO  - jmeter.threads.JMeterThread: Thread finished: updateSport 3-49 
2014/03/17 17:38:50 INFO  - jmeter.threads.JMeterThread: Thread started: updateSport 3-50 
2014/03/17 17:38:50 INFO  - jmeter.threads.JMeterThread: Thread finished: updateSport 3-50 
2014/03/17 17:38:50 INFO  - jmeter.threads.JMeterThread: Thread started: updateSport 3-51 
2014/03/17 17:38:50 INFO  - jmeter.threads.JMeterThread: Thread finished: updateSport 3-51 
2014/03/17 17:38:50 INFO  - jmeter.threads.JMeterThread: Thread started: updateSport 3-52 
2014/03/17 17:38:50 INFO  - jmeter.threads.JMeterThread: Thread started: updateSport 3-53 
2014/03/17 17:38:50 INFO  - jmeter.threads.JMeterThread: Thread finished: updateSport 3-52 
2014/03/17 17:38:50 INFO  - jmeter.threads.JMeterThread: Thread finished: updateSport 3-53 
2014/03/17 17:38:50 INFO  - jmeter.threads.JMeterThread: Thread started: updateSport 3-54 
2014/03/17 17:38:50 INFO  - jmeter.threads.JMeterThread: Thread started: updateSport 3-55 
2014/03/17 17:38:50 INFO  - jmeter.threads.JMeterThread: Thread finished: updateSport 3-54 
2014/03/17 17:38:50 INFO  - jmeter.threads.JMeterThread: Thread finished: updateSport 3-55 
2014/03/17 17:38:50 INFO  - jmeter.threads.JMeterThread: Thread started: updateSport 3-56 
2014/03/17 17:38:50 INFO  - jmeter.threads.JMeterThread: Thread finished: updateSport 3-56 
2014/03/17 17:38:50 INFO  - jmeter.threads.JMeterThread: Thread started: updateSport 3-57 
2014/03/17 17:38:50 INFO  - jmeter.threads.JMeterThread: Thread finished: updateSport 3-57 
2014/03/17 17:38:50 INFO  - jmeter.threads.JMeterThread: Thread started: updateSport 3-58 
2014/03/17 17:38:50 INFO  - jmeter.threads.JMeterThread: Thread finished: updateSport 3-58 
2014/03/17 17:38:50 INFO  - jmeter.threads.JMeterThread: Thread started: updateSport 3-59 
2014/03/17 17:38:50 INFO  - jmeter.threads.JMeterThread: Thread started: updateSport 3-60 
2014/03/17 17:38:50 INFO  - jmeter.threads.JMeterThread: Thread finished: updateSport 3-59 
2014/03/17 17:38:50 INFO  - jmeter.threads.JMeterThread: Thread finished: updateSport 3-60 
2014/03/17 17:38:50 INFO  - jmeter.threads.JMeterThread: Thread started: updateSport 3-61 
2014/03/17 17:38:50 INFO  - jmeter.threads.JMeterThread: Thread finished: updateSport 3-61 
2014/03/17 17:38:50 INFO  - jmeter.threads.JMeterThread: Thread started: updateSport 3-62 
2014/03/17 17:38:50 INFO  - jmeter.threads.JMeterThread: Thread finished: updateSport 3-62 
2014/03/17 17:38:50 INFO  - jmeter.threads.JMeterThread: Thread started: updateSport 3-63 
2014/03/17 17:38:50 INFO  - jmeter.threads.JMeterThread: Thread finished: updateSport 3-63 
2014/03/17 17:38:50 INFO  - jmeter.threads.JMeterThread: Thread started: updateSport 3-64 
2014/03/17 17:38:50 INFO  - jmeter.threads.JMeterThread: Thread finished: updateSport 3-64 
2014/03/17 17:38:50 INFO  - jmeter.threads.JMeterThread: Thread started: updateSport 3-65 
2014/03/17 17:38:50 INFO  - jmeter.threads.JMeterThread: Thread finished: updateSport 3-65 
2014/03/17 17:38:50 INFO  - jmeter.threads.JMeterThread: Thread started: updateSport 3-66 
2014/03/17 17:38:50 INFO  - jmeter.threads.JMeterThread: Thread finished: updateSport 3-66 
2014/03/17 17:38:50 INFO  - jmeter.threads.JMeterThread: Thread started: updateSport 3-67 
2014/03/17 17:38:50 INFO  - jmeter.threads.JMeterThread: Thread finished: updateSport 3-67 
2014/03/17 17:38:50 INFO  - jmeter.threads.JMeterThread: Thread started: updateSport 3-68 
2014/03/17 17:38:50 INFO  - jmeter.threads.JMeterThread: Thread finished: updateSport 3-68 
2014/03/17 17:38:50 INFO  - jmeter.threads.JMeterThread: Thread started: updateSport 3-69 
2014/03/17 17:38:50 INFO  - jmeter.threads.JMeterThread: Thread finished: updateSport 3-69 
2014/03/17 17:38:50 INFO  - jmeter.threads.JMeterThread: Thread started: updateSport 3-70 
2014/03/17 17:38:50 INFO  - jmeter.threads.JMeterThread: Thread finished: updateSport 3-70 
2014/03/17 17:38:50 INFO  - jmeter.threads.JMeterThread: Thread started: updateSport 3-71 
2014/03/17 17:38:50 INFO  - jmeter.threads.JMeterThread: Thread finished: updateSport 3-71 
2014/03/17 17:38:50 INFO  - jmeter.threads.JMeterThread: Thread started: updateSport 3-72 
2014/03/17 17:38:50 INFO  - jmeter.threads.JMeterThread: Thread finished: updateSport 3-72 
2014/03/17 17:38:50 INFO  - jmeter.threads.JMeterThread: Thread started: updateSport 3-73 
2014/03/17 17:38:50 INFO  - jmeter.threads.JMeterThread: Thread finished: updateSport 3-73 
2014/03/17 17:38:50 INFO  - jmeter.threads.JMeterThread: Thread started: updateSport 3-74 
2014/03/17 17:38:50 INFO  - jmeter.threads.JMeterThread: Thread finished: updateSport 3-74 
2014/03/17 17:38:50 INFO  - jmeter.threads.JMeterThread: Thread started: updateSport 3-75 
2014/03/17 17:38:50 INFO  - jmeter.threads.JMeterThread: Thread finished: updateSport 3-75 
2014/03/17 17:38:50 INFO  - jmeter.threads.JMeterThread: Thread started: updateSport 3-76 
2014/03/17 17:38:50 INFO  - jmeter.threads.JMeterThread: Thread finished: updateSport 3-76 
2014/03/17 17:38:50 INFO  - jmeter.threads.JMeterThread: Thread started: updateSport 3-77 
2014/03/17 17:38:50 INFO  - jmeter.threads.JMeterThread: Thread finished: updateSport 3-77 
2014/03/17 17:38:50 INFO  - jmeter.threads.JMeterThread: Thread started: updateSport 3-78 
2014/03/17 17:38:50 INFO  - jmeter.threads.JMeterThread: Thread finished: updateSport 3-78 
2014/03/17 17:38:50 INFO  - jmeter.threads.JMeterThread: Thread started: updateSport 3-79 
2014/03/17 17:38:50 INFO  - jmeter.threads.JMeterThread: Thread finished: updateSport 3-79 
2014/03/17 17:38:50 INFO  - jmeter.threads.JMeterThread: Thread started: updateSport 3-80 
2014/03/17 17:38:50 INFO  - jmeter.threads.JMeterThread: Thread finished: updateSport 3-80 
2014/03/17 17:38:50 INFO  - jmeter.threads.JMeterThread: Thread started: updateSport 3-81 
2014/03/17 17:38:50 INFO  - jmeter.threads.JMeterThread: Thread finished: updateSport 3-81 
2014/03/17 17:38:50 INFO  - jmeter.threads.JMeterThread: Thread started: updateSport 3-82 
2014/03/17 17:38:50 INFO  - jmeter.threads.JMeterThread: Thread finished: updateSport 3-82 
2014/03/17 17:38:50 INFO  - jmeter.threads.JMeterThread: Thread started: updateSport 3-83 
2014/03/17 17:38:50 INFO  - jmeter.threads.JMeterThread: Thread finished: updateSport 3-83 
2014/03/17 17:38:50 INFO  - jmeter.threads.JMeterThread: Thread started: updateSport 3-84 
2014/03/17 17:38:50 INFO  - jmeter.threads.JMeterThread: Thread finished: updateSport 3-84 
2014/03/17 17:38:50 INFO  - jmeter.threads.JMeterThread: Thread started: updateSport 3-85 
2014/03/17 17:38:50 INFO  - jmeter.threads.JMeterThread: Thread finished: updateSport 3-85 
2014/03/17 17:38:50 INFO  - jmeter.threads.JMeterThread: Thread started: updateSport 3-86 
2014/03/17 17:38:50 INFO  - jmeter.threads.JMeterThread: Thread finished: updateSport 3-86 
2014/03/17 17:38:50 INFO  - jmeter.threads.JMeterThread: Thread started: updateSport 3-87 
2014/03/17 17:38:50 INFO  - jmeter.threads.JMeterThread: Thread finished: updateSport 3-87 
2014/03/17 17:38:50 INFO  - jmeter.threads.JMeterThread: Thread started: updateSport 3-88 
2014/03/17 17:38:50 INFO  - jmeter.threads.JMeterThread: Thread finished: updateSport 3-88 
2014/03/17 17:38:50 INFO  - jmeter.threads.JMeterThread: Thread started: updateSport 3-89 
2014/03/17 17:38:50 INFO  - jmeter.threads.JMeterThread: Thread finished: updateSport 3-89 
2014/03/17 17:38:50 INFO  - jmeter.threads.JMeterThread: Thread started: updateSport 3-90 
2014/03/17 17:38:50 INFO  - jmeter.threads.JMeterThread: Thread finished: updateSport 3-90 
2014/03/17 17:38:50 INFO  - jmeter.threads.JMeterThread: Thread started: updateSport 3-91 
2014/03/17 17:38:50 INFO  - jmeter.threads.JMeterThread: Thread finished: updateSport 3-91 
2014/03/17 17:38:50 INFO  - jmeter.threads.JMeterThread: Thread started: updateSport 3-92 
2014/03/17 17:38:50 INFO  - jmeter.threads.JMeterThread: Thread finished: updateSport 3-92 
2014/03/17 17:38:50 INFO  - jmeter.threads.JMeterThread: Thread started: updateSport 3-93 
2014/03/17 17:38:50 INFO  - jmeter.threads.JMeterThread: Thread finished: updateSport 3-93 
2014/03/17 17:38:50 INFO  - jmeter.threads.JMeterThread: Thread started: updateSport 3-94 
2014/03/17 17:38:50 INFO  - jmeter.threads.JMeterThread: Thread finished: updateSport 3-94 
2014/03/17 17:38:50 INFO  - jmeter.threads.JMeterThread: Thread started: updateSport 3-95 
2014/03/17 17:38:50 INFO  - jmeter.threads.JMeterThread: Thread finished: updateSport 3-95 
2014/03/17 17:38:50 INFO  - jmeter.threads.JMeterThread: Thread started: updateSport 3-96 
2014/03/17 17:38:50 INFO  - jmeter.threads.JMeterThread: Thread finished: updateSport 3-96 
2014/03/17 17:38:50 INFO  - jmeter.threads.JMeterThread: Thread started: updateSport 3-97 
2014/03/17 17:38:50 INFO  - jmeter.threads.JMeterThread: Thread finished: updateSport 3-97 
2014/03/17 17:38:50 INFO  - jmeter.threads.JMeterThread: Thread started: updateSport 3-98 
2014/03/17 17:38:50 INFO  - jmeter.threads.JMeterThread: Thread finished: updateSport 3-98 
2014/03/17 17:38:50 INFO  - jmeter.threads.JMeterThread: Thread started: updateSport 3-99 
2014/03/17 17:38:50 INFO  - jmeter.threads.JMeterThread: Thread finished: updateSport 3-99 
2014/03/17 17:38:50 INFO  - jmeter.threads.JMeterThread: Thread started: updateSport 3-100 
2014/03/17 17:38:50 INFO  - jmeter.threads.JMeterThread: Thread finished: updateSport 3-100 
2014/03/17 17:38:50 INFO  - jmeter.engine.StandardJMeterEngine: Starting ThreadGroup: 4 : getSports 
2014/03/17 17:38:50 INFO  - jmeter.engine.StandardJMeterEngine: Starting 100 threads for group getSports. 
2014/03/17 17:38:50 INFO  - jmeter.engine.StandardJMeterEngine: Thread will continue on error 
2014/03/17 17:38:50 INFO  - jmeter.threads.ThreadGroup: Starting thread group number 4 threads 100 ramp-up 1 perThread 10.0 delayedStart=false 
2014/03/17 17:38:50 INFO  - jmeter.threads.JMeterThread: Thread started: getSports 4-1 
2014/03/17 17:38:50 INFO  - jmeter.threads.JMeterThread: Thread finished: getSports 4-1 
2014/03/17 17:38:50 INFO  - jmeter.threads.JMeterThread: Thread started: getSports 4-3 
2014/03/17 17:38:50 INFO  - jmeter.threads.JMeterThread: Thread finished: getSports 4-3 
2014/03/17 17:38:50 INFO  - jmeter.threads.ThreadGroup: Started thread group number 4 
2014/03/17 17:38:50 INFO  - jmeter.engine.StandardJMeterEngine: All thread groups have been started 
2014/03/17 17:38:50 INFO  - jmeter.threads.JMeterThread: Thread started: getSports 4-5 
2014/03/17 17:38:50 INFO  - jmeter.threads.JMeterThread: Thread started: getSports 4-4 
2014/03/17 17:38:50 INFO  - jmeter.threads.JMeterThread: Thread started: getSports 4-2 
2014/03/17 17:38:50 INFO  - jmeter.threads.JMeterThread: Thread finished: getSports 4-4 
2014/03/17 17:38:50 INFO  - jmeter.threads.JMeterThread: Thread finished: getSports 4-5 
2014/03/17 17:38:50 INFO  - jmeter.threads.JMeterThread: Thread finished: getSports 4-2 
2014/03/17 17:38:50 INFO  - jmeter.threads.JMeterThread: Thread started: getSports 4-7 
2014/03/17 17:38:50 INFO  - jmeter.threads.JMeterThread: Thread started: getSports 4-6 
2014/03/17 17:38:50 INFO  - jmeter.threads.JMeterThread: Thread finished: getSports 4-6 
2014/03/17 17:38:50 INFO  - jmeter.threads.JMeterThread: Thread finished: getSports 4-7 
2014/03/17 17:38:50 INFO  - jmeter.threads.JMeterThread: Thread started: getSports 4-9 
2014/03/17 17:38:50 INFO  - jmeter.threads.JMeterThread: Thread started: getSports 4-8 
2014/03/17 17:38:50 INFO  - jmeter.threads.JMeterThread: Thread finished: getSports 4-9 
2014/03/17 17:38:50 INFO  - jmeter.threads.JMeterThread: Thread finished: getSports 4-8 
2014/03/17 17:38:50 INFO  - jmeter.threads.JMeterThread: Thread started: getSports 4-10 
2014/03/17 17:38:50 INFO  - jmeter.threads.JMeterThread: Thread started: getSports 4-11 
2014/03/17 17:38:50 INFO  - jmeter.threads.JMeterThread: Thread finished: getSports 4-10 
2014/03/17 17:38:50 INFO  - jmeter.threads.JMeterThread: Thread finished: getSports 4-11 
2014/03/17 17:38:50 INFO  - jmeter.threads.JMeterThread: Thread started: getSports 4-12 
2014/03/17 17:38:50 INFO  - jmeter.threads.JMeterThread: Thread started: getSports 4-13 
2014/03/17 17:38:50 INFO  - jmeter.threads.JMeterThread: Thread finished: getSports 4-12 
2014/03/17 17:38:50 INFO  - jmeter.threads.JMeterThread: Thread finished: getSports 4-13 
2014/03/17 17:38:50 INFO  - jmeter.threads.JMeterThread: Thread started: getSports 4-14 
2014/03/17 17:38:50 INFO  - jmeter.threads.JMeterThread: Thread started: getSports 4-15 
2014/03/17 17:38:50 INFO  - jmeter.threads.JMeterThread: Thread finished: getSports 4-15 
2014/03/17 17:38:50 INFO  - jmeter.threads.JMeterThread: Thread finished: getSports 4-14 
2014/03/17 17:38:50 INFO  - jmeter.threads.JMeterThread: Thread started: getSports 4-16 
2014/03/17 17:38:50 INFO  - jmeter.threads.JMeterThread: Thread started: getSports 4-17 
2014/03/17 17:38:50 INFO  - jmeter.threads.JMeterThread: Thread finished: getSports 4-16 
2014/03/17 17:38:50 INFO  - jmeter.threads.JMeterThread: Thread finished: getSports 4-17 
2014/03/17 17:38:50 INFO  - jmeter.threads.JMeterThread: Thread started: getSports 4-18 
2014/03/17 17:38:50 INFO  - jmeter.threads.JMeterThread: Thread finished: getSports 4-18 
2014/03/17 17:38:50 INFO  - jmeter.threads.JMeterThread: Thread started: getSports 4-19 
2014/03/17 17:38:50 INFO  - jmeter.threads.JMeterThread: Thread finished: getSports 4-19 
2014/03/17 17:38:51 INFO  - jmeter.threads.JMeterThread: Thread started: getSports 4-20 
2014/03/17 17:38:51 INFO  - jmeter.threads.JMeterThread: Thread finished: getSports 4-20 
2014/03/17 17:38:51 INFO  - jmeter.threads.JMeterThread: Thread started: getSports 4-21 
2014/03/17 17:38:51 INFO  - jmeter.threads.JMeterThread: Thread finished: getSports 4-21 
2014/03/17 17:38:51 INFO  - jmeter.threads.JMeterThread: Thread started: getSports 4-22 
2014/03/17 17:38:51 INFO  - jmeter.threads.JMeterThread: Thread started: getSports 4-23 
2014/03/17 17:38:51 INFO  - jmeter.threads.JMeterThread: Thread finished: getSports 4-23 
2014/03/17 17:38:51 INFO  - jmeter.threads.JMeterThread: Thread finished: getSports 4-22 
2014/03/17 17:38:51 INFO  - jmeter.threads.JMeterThread: Thread started: getSports 4-24 
2014/03/17 17:38:51 INFO  - jmeter.threads.JMeterThread: Thread started: getSports 4-25 
2014/03/17 17:38:51 INFO  - jmeter.threads.JMeterThread: Thread finished: getSports 4-25 
2014/03/17 17:38:51 INFO  - jmeter.threads.JMeterThread: Thread finished: getSports 4-24 
2014/03/17 17:38:51 INFO  - jmeter.threads.JMeterThread: Thread started: getSports 4-26 
2014/03/17 17:38:51 INFO  - jmeter.threads.JMeterThread: Thread finished: getSports 4-26 
2014/03/17 17:38:51 INFO  - jmeter.threads.JMeterThread: Thread started: getSports 4-27 
2014/03/17 17:38:51 INFO  - jmeter.threads.JMeterThread: Thread finished: getSports 4-27 
2014/03/17 17:38:51 INFO  - jmeter.threads.JMeterThread: Thread started: getSports 4-28 
2014/03/17 17:38:51 INFO  - jmeter.threads.JMeterThread: Thread finished: getSports 4-28 
2014/03/17 17:38:51 INFO  - jmeter.threads.JMeterThread: Thread started: getSports 4-29 
2014/03/17 17:38:51 INFO  - jmeter.threads.JMeterThread: Thread finished: getSports 4-29 
2014/03/17 17:38:51 INFO  - jmeter.threads.JMeterThread: Thread started: getSports 4-30 
2014/03/17 17:38:51 INFO  - jmeter.threads.JMeterThread: Thread finished: getSports 4-30 
2014/03/17 17:38:51 INFO  - jmeter.threads.JMeterThread: Thread started: getSports 4-31 
2014/03/17 17:38:51 INFO  - jmeter.threads.JMeterThread: Thread finished: getSports 4-31 
2014/03/17 17:38:51 INFO  - jmeter.threads.JMeterThread: Thread started: getSports 4-32 
2014/03/17 17:38:51 INFO  - jmeter.threads.JMeterThread: Thread finished: getSports 4-32 
2014/03/17 17:38:51 INFO  - jmeter.threads.JMeterThread: Thread started: getSports 4-33 
2014/03/17 17:38:51 INFO  - jmeter.threads.JMeterThread: Thread finished: getSports 4-33 
2014/03/17 17:38:51 INFO  - jmeter.threads.JMeterThread: Thread started: getSports 4-34 
2014/03/17 17:38:51 INFO  - jmeter.threads.JMeterThread: Thread finished: getSports 4-34 
2014/03/17 17:38:51 INFO  - jmeter.threads.JMeterThread: Thread started: getSports 4-35 
2014/03/17 17:38:51 INFO  - jmeter.threads.JMeterThread: Thread finished: getSports 4-35 
2014/03/17 17:38:51 INFO  - jmeter.threads.JMeterThread: Thread started: getSports 4-36 
2014/03/17 17:38:51 INFO  - jmeter.threads.JMeterThread: Thread finished: getSports 4-36 
2014/03/17 17:38:51 INFO  - jmeter.threads.JMeterThread: Thread started: getSports 4-37 
2014/03/17 17:38:51 INFO  - jmeter.threads.JMeterThread: Thread finished: getSports 4-37 
2014/03/17 17:38:51 INFO  - jmeter.threads.JMeterThread: Thread started: getSports 4-38 
2014/03/17 17:38:51 INFO  - jmeter.threads.JMeterThread: Thread finished: getSports 4-38 
2014/03/17 17:38:51 INFO  - jmeter.threads.JMeterThread: Thread started: getSports 4-39 
2014/03/17 17:38:51 INFO  - jmeter.threads.JMeterThread: Thread finished: getSports 4-39 
2014/03/17 17:38:51 INFO  - jmeter.threads.JMeterThread: Thread started: getSports 4-40 
2014/03/17 17:38:51 INFO  - jmeter.threads.JMeterThread: Thread finished: getSports 4-40 
2014/03/17 17:38:51 INFO  - jmeter.threads.JMeterThread: Thread started: getSports 4-41 
2014/03/17 17:38:51 INFO  - jmeter.threads.JMeterThread: Thread finished: getSports 4-41 
2014/03/17 17:38:51 INFO  - jmeter.threads.JMeterThread: Thread started: getSports 4-42 
2014/03/17 17:38:51 INFO  - jmeter.threads.JMeterThread: Thread finished: getSports 4-42 
2014/03/17 17:38:51 INFO  - jmeter.threads.JMeterThread: Thread started: getSports 4-43 
2014/03/17 17:38:51 INFO  - jmeter.threads.JMeterThread: Thread finished: getSports 4-43 
2014/03/17 17:38:51 INFO  - jmeter.threads.JMeterThread: Thread started: getSports 4-44 
2014/03/17 17:38:51 INFO  - jmeter.threads.JMeterThread: Thread finished: getSports 4-44 
2014/03/17 17:38:51 INFO  - jmeter.threads.JMeterThread: Thread started: getSports 4-45 
2014/03/17 17:38:51 INFO  - jmeter.threads.JMeterThread: Thread finished: getSports 4-45 
2014/03/17 17:38:51 INFO  - jmeter.threads.JMeterThread: Thread started: getSports 4-46 
2014/03/17 17:38:51 INFO  - jmeter.threads.JMeterThread: Thread finished: getSports 4-46 
2014/03/17 17:38:51 INFO  - jmeter.threads.JMeterThread: Thread started: getSports 4-47 
2014/03/17 17:38:51 INFO  - jmeter.threads.JMeterThread: Thread finished: getSports 4-47 
2014/03/17 17:38:51 INFO  - jmeter.threads.JMeterThread: Thread started: getSports 4-48 
2014/03/17 17:38:51 INFO  - jmeter.threads.JMeterThread: Thread finished: getSports 4-48 
2014/03/17 17:38:51 INFO  - jmeter.threads.JMeterThread: Thread started: getSports 4-49 
2014/03/17 17:38:51 INFO  - jmeter.threads.JMeterThread: Thread finished: getSports 4-49 
2014/03/17 17:38:51 INFO  - jmeter.threads.JMeterThread: Thread started: getSports 4-50 
2014/03/17 17:38:51 INFO  - jmeter.threads.JMeterThread: Thread finished: getSports 4-50 
2014/03/17 17:38:51 INFO  - jmeter.threads.JMeterThread: Thread started: getSports 4-51 
2014/03/17 17:38:51 INFO  - jmeter.threads.JMeterThread: Thread finished: getSports 4-51 
2014/03/17 17:38:51 INFO  - jmeter.threads.JMeterThread: Thread started: getSports 4-52 
2014/03/17 17:38:51 INFO  - jmeter.threads.JMeterThread: Thread finished: getSports 4-52 
2014/03/17 17:38:51 INFO  - jmeter.threads.JMeterThread: Thread started: getSports 4-53 
2014/03/17 17:38:51 INFO  - jmeter.threads.JMeterThread: Thread finished: getSports 4-53 
2014/03/17 17:38:51 INFO  - jmeter.threads.JMeterThread: Thread started: getSports 4-54 
2014/03/17 17:38:51 INFO  - jmeter.threads.JMeterThread: Thread finished: getSports 4-54 
2014/03/17 17:38:51 INFO  - jmeter.threads.JMeterThread: Thread started: getSports 4-55 
2014/03/17 17:38:51 INFO  - jmeter.threads.JMeterThread: Thread finished: getSports 4-55 
2014/03/17 17:38:51 INFO  - jmeter.threads.JMeterThread: Thread started: getSports 4-56 
2014/03/17 17:38:51 INFO  - jmeter.threads.JMeterThread: Thread finished: getSports 4-56 
2014/03/17 17:38:51 INFO  - jmeter.threads.JMeterThread: Thread started: getSports 4-57 
2014/03/17 17:38:51 INFO  - jmeter.threads.JMeterThread: Thread finished: getSports 4-57 
2014/03/17 17:38:51 INFO  - jmeter.threads.JMeterThread: Thread started: getSports 4-58 
2014/03/17 17:38:51 INFO  - jmeter.threads.JMeterThread: Thread finished: getSports 4-58 
2014/03/17 17:38:51 INFO  - jmeter.threads.JMeterThread: Thread started: getSports 4-59 
2014/03/17 17:38:51 INFO  - jmeter.threads.JMeterThread: Thread finished: getSports 4-59 
2014/03/17 17:38:51 INFO  - jmeter.threads.JMeterThread: Thread started: getSports 4-60 
2014/03/17 17:38:51 INFO  - jmeter.threads.JMeterThread: Thread finished: getSports 4-60 
2014/03/17 17:38:51 INFO  - jmeter.threads.JMeterThread: Thread started: getSports 4-61 
2014/03/17 17:38:51 INFO  - jmeter.threads.JMeterThread: Thread finished: getSports 4-61 
2014/03/17 17:38:51 INFO  - jmeter.threads.JMeterThread: Thread started: getSports 4-62 
2014/03/17 17:38:51 INFO  - jmeter.threads.JMeterThread: Thread finished: getSports 4-62 
2014/03/17 17:38:51 INFO  - jmeter.threads.JMeterThread: Thread started: getSports 4-63 
2014/03/17 17:38:51 INFO  - jmeter.threads.JMeterThread: Thread finished: getSports 4-63 
2014/03/17 17:38:51 INFO  - jmeter.threads.JMeterThread: Thread started: getSports 4-64 
2014/03/17 17:38:51 INFO  - jmeter.threads.JMeterThread: Thread started: getSports 4-65 
2014/03/17 17:38:51 INFO  - jmeter.threads.JMeterThread: Thread finished: getSports 4-64 
2014/03/17 17:38:51 INFO  - jmeter.threads.JMeterThread: Thread finished: getSports 4-65 
2014/03/17 17:38:51 INFO  - jmeter.threads.JMeterThread: Thread started: getSports 4-66 
2014/03/17 17:38:51 INFO  - jmeter.threads.JMeterThread: Thread finished: getSports 4-66 
2014/03/17 17:38:51 INFO  - jmeter.threads.JMeterThread: Thread started: getSports 4-67 
2014/03/17 17:38:51 INFO  - jmeter.threads.JMeterThread: Thread finished: getSports 4-67 
2014/03/17 17:38:51 INFO  - jmeter.threads.JMeterThread: Thread started: getSports 4-68 
2014/03/17 17:38:51 INFO  - jmeter.threads.JMeterThread: Thread finished: getSports 4-68 
2014/03/17 17:38:51 INFO  - jmeter.threads.JMeterThread: Thread started: getSports 4-69 
2014/03/17 17:38:51 INFO  - jmeter.threads.JMeterThread: Thread finished: getSports 4-69 
2014/03/17 17:38:51 INFO  - jmeter.threads.JMeterThread: Thread started: getSports 4-70 
2014/03/17 17:38:51 INFO  - jmeter.threads.JMeterThread: Thread finished: getSports 4-70 
2014/03/17 17:38:51 INFO  - jmeter.threads.JMeterThread: Thread started: getSports 4-71 
2014/03/17 17:38:51 INFO  - jmeter.threads.JMeterThread: Thread finished: getSports 4-71 
2014/03/17 17:38:51 INFO  - jmeter.threads.JMeterThread: Thread started: getSports 4-72 
2014/03/17 17:38:51 INFO  - jmeter.threads.JMeterThread: Thread finished: getSports 4-72 
2014/03/17 17:38:51 INFO  - jmeter.threads.JMeterThread: Thread started: getSports 4-73 
2014/03/17 17:38:51 INFO  - jmeter.threads.JMeterThread: Thread finished: getSports 4-73 
2014/03/17 17:38:51 INFO  - jmeter.threads.JMeterThread: Thread started: getSports 4-74 
2014/03/17 17:38:51 INFO  - jmeter.threads.JMeterThread: Thread finished: getSports 4-74 
2014/03/17 17:38:51 INFO  - jmeter.threads.JMeterThread: Thread started: getSports 4-75 
2014/03/17 17:38:51 INFO  - jmeter.threads.JMeterThread: Thread finished: getSports 4-75 
2014/03/17 17:38:51 INFO  - jmeter.threads.JMeterThread: Thread started: getSports 4-76 
2014/03/17 17:38:51 INFO  - jmeter.threads.JMeterThread: Thread finished: getSports 4-76 
2014/03/17 17:38:51 INFO  - jmeter.threads.JMeterThread: Thread started: getSports 4-77 
2014/03/17 17:38:51 INFO  - jmeter.threads.JMeterThread: Thread finished: getSports 4-77 
2014/03/17 17:38:51 INFO  - jmeter.threads.JMeterThread: Thread started: getSports 4-78 
2014/03/17 17:38:51 INFO  - jmeter.threads.JMeterThread: Thread finished: getSports 4-78 
2014/03/17 17:38:51 INFO  - jmeter.threads.JMeterThread: Thread started: getSports 4-79 
2014/03/17 17:38:51 INFO  - jmeter.threads.JMeterThread: Thread finished: getSports 4-79 
2014/03/17 17:38:51 INFO  - jmeter.threads.JMeterThread: Thread started: getSports 4-80 
2014/03/17 17:38:51 INFO  - jmeter.threads.JMeterThread: Thread finished: getSports 4-80 
2014/03/17 17:38:51 INFO  - jmeter.threads.JMeterThread: Thread started: getSports 4-81 
2014/03/17 17:38:51 INFO  - jmeter.threads.JMeterThread: Thread finished: getSports 4-81 
2014/03/17 17:38:51 INFO  - jmeter.threads.JMeterThread: Thread started: getSports 4-82 
2014/03/17 17:38:51 INFO  - jmeter.threads.JMeterThread: Thread finished: getSports 4-82 
2014/03/17 17:38:51 INFO  - jmeter.threads.JMeterThread: Thread started: getSports 4-83 
2014/03/17 17:38:51 INFO  - jmeter.threads.JMeterThread: Thread finished: getSports 4-83 
2014/03/17 17:38:51 INFO  - jmeter.threads.JMeterThread: Thread started: getSports 4-84 
2014/03/17 17:38:51 INFO  - jmeter.threads.JMeterThread: Thread finished: getSports 4-84 
2014/03/17 17:38:51 INFO  - jmeter.threads.JMeterThread: Thread started: getSports 4-85 
2014/03/17 17:38:51 INFO  - jmeter.threads.JMeterThread: Thread finished: getSports 4-85 
2014/03/17 17:38:51 INFO  - jmeter.threads.JMeterThread: Thread started: getSports 4-86 
2014/03/17 17:38:51 INFO  - jmeter.threads.JMeterThread: Thread finished: getSports 4-86 
2014/03/17 17:38:51 INFO  - jmeter.threads.JMeterThread: Thread started: getSports 4-87 
2014/03/17 17:38:51 INFO  - jmeter.threads.JMeterThread: Thread finished: getSports 4-87 
2014/03/17 17:38:51 INFO  - jmeter.threads.JMeterThread: Thread started: getSports 4-88 
2014/03/17 17:38:51 INFO  - jmeter.threads.JMeterThread: Thread finished: getSports 4-88 
2014/03/17 17:38:51 INFO  - jmeter.threads.JMeterThread: Thread started: getSports 4-89 
2014/03/17 17:38:51 INFO  - jmeter.threads.JMeterThread: Thread finished: getSports 4-89 
2014/03/17 17:38:51 INFO  - jmeter.threads.JMeterThread: Thread started: getSports 4-90 
2014/03/17 17:38:51 INFO  - jmeter.threads.JMeterThread: Thread finished: getSports 4-90 
2014/03/17 17:38:51 INFO  - jmeter.threads.JMeterThread: Thread started: getSports 4-91 
2014/03/17 17:38:51 INFO  - jmeter.threads.JMeterThread: Thread finished: getSports 4-91 
2014/03/17 17:38:51 INFO  - jmeter.threads.JMeterThread: Thread started: getSports 4-92 
2014/03/17 17:38:51 INFO  - jmeter.threads.JMeterThread: Thread finished: getSports 4-92 
2014/03/17 17:38:51 INFO  - jmeter.threads.JMeterThread: Thread started: getSports 4-93 
2014/03/17 17:38:51 INFO  - jmeter.threads.JMeterThread: Thread finished: getSports 4-93 
2014/03/17 17:38:51 INFO  - jmeter.threads.JMeterThread: Thread started: getSports 4-94 
2014/03/17 17:38:51 INFO  - jmeter.threads.JMeterThread: Thread finished: getSports 4-94 
2014/03/17 17:38:51 INFO  - jmeter.threads.JMeterThread: Thread started: getSports 4-95 
2014/03/17 17:38:51 INFO  - jmeter.threads.JMeterThread: Thread finished: getSports 4-95 
2014/03/17 17:38:51 INFO  - jmeter.threads.JMeterThread: Thread started: getSports 4-96 
2014/03/17 17:38:51 INFO  - jmeter.threads.JMeterThread: Thread finished: getSports 4-96 
2014/03/17 17:38:51 INFO  - jmeter.threads.JMeterThread: Thread started: getSports 4-97 
2014/03/17 17:38:51 INFO  - jmeter.threads.JMeterThread: Thread finished: getSports 4-97 
2014/03/17 17:38:51 INFO  - jmeter.threads.JMeterThread: Thread started: getSports 4-98 
2014/03/17 17:38:51 INFO  - jmeter.threads.JMeterThread: Thread finished: getSports 4-98 
2014/03/17 17:38:51 INFO  - jmeter.threads.JMeterThread: Thread started: getSports 4-99 
2014/03/17 17:38:51 INFO  - jmeter.threads.JMeterThread: Thread finished: getSports 4-99 
2014/03/17 17:38:51 INFO  - jmeter.threads.JMeterThread: Thread started: getSports 4-100 
2014/03/17 17:38:51 INFO  - jmeter.threads.JMeterThread: Thread finished: getSports 4-100 
2014/03/17 17:38:51 INFO  - jmeter.engine.StandardJMeterEngine: Notifying test listeners of end of test 
2014/03/17 17:38:51 INFO  - jmeter.reporters.Summariser: summary =    400 in   4,5s =   89,8/s Avg:    10 Min:     4 Max:   159 Err:     0 (0,00%) 
